============================= test session starts ==============================
platform linux -- Python 3.14.6, pytest-9.0.3, pluggy-1.6.0 -- /opt/hostedtoolcache/Python/3.14.6/x64/bin/python
cachedir: .pytest_cache
rootdir: /home/runner/work/idm-heatpump-hass/idm-heatpump-hass
configfile: pytest.ini
plugins: requests-mock-1.12.1, github-actions-annotate-failures-0.4.0, picked-0.5.1, xdist-3.8.0, respx-0.23.1, pytest_freezer-0.4.9, unordered-0.8.0, asyncio-1.4.0, aiohttp-1.1.1, syrupy-5.3.2, cov-7.1.0, timeout-2.4.0, anyio-4.14.2
asyncio: mode=Mode.AUTO, debug=False, asyncio_default_fixture_loop_scope=function, asyncio_default_test_loop_scope=function
collecting ... collected 782 items

tests/test_adapter_helpers.py::test_enum_slug_helpers_keep_stable_translation_keys PASSED [  0%]
tests/test_adapter_helpers.py::test_enum_translation_keys_are_present_in_english_and_german PASSED [  0%]
tests/test_adapter_helpers.py::test_bitflag_label_helper_returns_german_operating_mode_labels PASSED [  0%]
tests/test_adapter_helpers.py::test_glt_measurement_classification PASSED [  0%]
tests/test_adapter_helpers.py::test_model_flag_helper_builds_cascade_aware_navigator_10_info PASSED [  0%]
tests/test_adapter_helpers.py::test_model_flag_helper_builds_navigator_20_info_from_explicit_model_name PASSED [  0%]
tests/test_adapter_helpers.py::test_model_flag_helper_accepts_default_model_name PASSED [  0%]
tests/test_adapter_helpers.py::test_filtered_register_map_excludes_navigator_10_only_registers_for_navigator_20 PASSED [  1%]
tests/test_adapter_helpers.py::test_get_idm_client_forwards_timeout_and_max_retries PASSED [  1%]
tests/test_adapter_helpers.py::test_get_idm_client_omits_unset_optional_params PASSED [  1%]
tests/test_binary_semantics.py::test_infer_problem_device_class PASSED   [  1%]
tests/test_binary_semantics.py::test_infer_operating_device_classes PASSED [  1%]
tests/test_binary_semantics.py::test_zero_and_one_decode_normally PASSED [  1%]
tests/test_binary_semantics.py::test_negative_value_is_never_treated_as_on PASSED [  1%]
tests/test_binary_semantics.py::test_sentinel_value_is_off PASSED        [  1%]
tests/test_binary_semantics.py::test_explicit_on_and_off_values_take_precedence PASSED [  2%]
tests/test_binary_semantics.py::test_bitmask_metadata_is_supported PASSED [  2%]
tests/test_binary_semantics.py::test_active_low_metadata_is_supported PASSED [  2%]
tests/test_binary_semantics.py::test_known_text_values_are_supported PASSED [  2%]
tests/test_binary_semantics.py::test_optional_library_metadata_is_used PASSED [  2%]
tests/test_binary_semantics.py::test_register_local_metadata_overrides_library_metadata PASSED [  2%]
tests/test_binary_semantics.py::test_binary_entity_does_not_turn_on_for_minus_one PASSED [  2%]
tests/test_calculated_sensors.py::test_creates_supported_calculated_sensors PASSED [  2%]
tests/test_calculated_sensors.py::test_registers_only_sensors_with_all_sources_present PASSED [  3%]
tests/test_calculated_sensors.py::test_unused_source_prevents_registration PASSED [  3%]
tests/test_calculated_sensors.py::test_invalid_value_makes_existing_sensor_unavailable PASSED [  3%]
tests/test_calculated_sensors.py::test_out_of_range_temperature_is_rejected PASSED [  3%]
tests/test_calculated_sensors.py::test_boolean_source_is_not_treated_as_temperature PASSED [  3%]
tests/test_calculated_sensors.py::test_entity_metadata_and_unique_id PASSED [  3%]
tests/test_calculated_sensors.py::test_values_are_recalculated_from_latest_snapshot PASSED [  3%]
tests/test_config_flow.py::TestBuildOptionsSchema::test_returns_schema PASSED [  3%]
tests/test_config_flow.py::TestBuildOptionsSchema::test_with_existing_options PASSED [  4%]
tests/test_config_flow.py::TestBuildOptionsSchema::test_circuit_a_always_first PASSED [  4%]
tests/test_config_flow.py::TestBuildOptionsSchema::test_circuit_a_present_keeps_position PASSED [  4%]
tests/test_config_flow.py::TestBuildOptionsSchema::test_web_supplement_enabled_by_default PASSED [  4%]
tests/test_config_flow.py::TestBuildOptionsSchema::test_sectioned_input_is_flattened_for_storage PASSED [  4%]
tests/test_config_flow.py::TestBuildZonesSchema::test_empty_zones PASSED [  4%]
tests/test_config_flow.py::TestBuildZonesSchema::test_one_zone PASSED    [  4%]
tests/test_config_flow.py::TestBuildZonesSchema::test_uses_existing_room_counts PASSED [  4%]
tests/test_config_flow.py::TestConfigFlowInit::test_initial_state PASSED [  5%]
tests/test_config_flow.py::TestConfigFlowInit::test_version PASSED       [  5%]
tests/test_config_flow.py::TestConfigFlowInit::test_duplicate_host_detection_ignores_port_and_slave_id PASSED [  5%]
tests/test_config_flow.py::TestAsyncStepUser::test_shows_form_without_input PASSED [  5%]
tests/test_config_flow.py::TestAsyncStepUser::test_empty_name_shows_error PASSED [  5%]
tests/test_config_flow.py::TestAsyncStepUser::test_empty_host_shows_error PASSED [  5%]
tests/test_config_flow.py::TestAsyncStepUser::test_connection_failure_shows_error PASSED [  5%]
tests/test_config_flow.py::TestAsyncStepUser::test_unreachable_endpoint_shows_specific_error PASSED [  6%]
tests/test_config_flow.py::TestAsyncStepUser::test_connected_endpoint_without_register_data_shows_specific_error PASSED [  6%]
tests/test_config_flow.py::TestAsyncStepUser::test_failed_proxy_connection_requires_original_web_host_for_fallback PASSED [  6%]
tests/test_config_flow.py::TestAsyncStepUser::test_duplicate_host_blocks_second_entry_even_with_different_port_or_slave PASSED [  6%]
tests/test_config_flow.py::TestAsyncStepUser::test_successful_connection_goes_to_options PASSED [  6%]
tests/test_config_flow.py::TestAsyncStepUser::test_successful_connection_stores_detected_web_metadata PASSED [  6%]
tests/test_config_flow.py::TestAsyncStepUser::test_web_detection_stores_successful_factory_variant PASSED [  6%]
tests/test_config_flow.py::TestAsyncStepUser::test_successful_connection_uses_separate_web_host_for_detection PASSED [  6%]
tests/test_config_flow.py::TestAsyncStepUser::test_successful_connection_ignores_web_host_without_proxy_checkbox PASSED [  7%]
tests/test_config_flow.py::TestAsyncStepUser::test_proxy_checkbox_requires_web_host_when_pin_is_set PASSED [  7%]
tests/test_config_flow.py::TestAsyncStepUser::test_invalid_web_pin_shows_field_error PASSED [  7%]
tests/test_config_flow.py::TestAsyncStepUser::test_unreachable_web_interface_shows_actionable_error PASSED [  7%]
tests/test_config_flow.py::TestAsyncStepOptions::test_shows_form_without_input PASSED [  7%]
tests/test_config_flow.py::TestAsyncStepOptions::test_options_schema_exposes_modbus_timeout_and_retries PASSED [  7%]
tests/test_config_flow.py::TestAsyncStepOptions::test_options_schema_applies_defaults_for_timeout_and_retries PASSED [  7%]
tests/test_config_flow.py::TestAsyncStepOptions::test_no_zones_creates_entry PASSED [  7%]
tests/test_config_flow.py::TestAsyncStepOptions::test_room_temp_forwarding_goes_to_sensor_mapping_step PASSED [  8%]
tests/test_config_flow.py::TestAsyncStepOptions::test_with_zones_goes_to_zones_step PASSED [  8%]
tests/test_config_flow.py::TestAsyncStepZones::test_shows_form_without_input PASSED [  8%]
tests/test_config_flow.py::TestAsyncStepZones::test_creates_entry_with_zone_rooms PASSED [  8%]
tests/test_config_flow.py::TestAsyncStepZones::test_zones_then_room_temp_forwarding_step PASSED [  8%]
tests/test_config_flow.py::TestAsyncStepReconfigure::test_shows_connection_and_diagnostics_menu_without_input PASSED [  8%]
tests/test_config_flow.py::TestAsyncStepReconfigure::test_connection_menu_option_shows_edit_form PASSED [  8%]
tests/test_config_flow.py::TestAsyncStepReconfigure::test_empty_host_shows_error PASSED [  8%]
tests/test_config_flow.py::TestAsyncStepReconfigure::test_duplicate_host_blocks_reconfigure_to_other_entry_host PASSED [  9%]
tests/test_config_flow.py::TestAsyncStepReconfigure::test_connection_failure_shows_error PASSED [  9%]
tests/test_config_flow.py::TestAsyncStepReconfigure::test_successful_reconfigure PASSED [  9%]
tests/test_config_flow.py::TestAsyncStepReconfigure::test_successful_reconfigure_updates_network_fields PASSED [  9%]
tests/test_config_flow.py::TestAsyncStepReconfigure::test_reconfigure_defaults_missing_slave_id PASSED [  9%]
tests/test_config_flow.py::TestAsyncStepReconfigure::test_reconfigure_updates_separate_web_host PASSED [  9%]
tests/test_config_flow.py::TestAsyncStepReconfigure::test_reconfigure_invalid_web_pin_shows_field_error PASSED [  9%]
tests/test_config_flow.py::TestAsyncStepReconfigure::test_reconfigure_unreachable_web_interface_shows_error PASSED [  9%]
tests/test_config_flow.py::TestAsyncStepReconfigure::test_reconfigure_passes_stored_model_hint_to_web_detection PASSED [ 10%]
tests/test_config_flow.py::TestAsyncStepReconfigure::test_reconfigure_modbus_failure_offers_web_only_fallback PASSED [ 10%]
tests/test_config_flow.py::TestAsyncStepReconfigure::test_reconfigure_modbus_failure_without_pin_shows_error PASSED [ 10%]
tests/test_config_flow.py::TestConnectionDiagnostics::test_modbus_only_success_does_not_change_entry PASSED [ 10%]
tests/test_config_flow.py::TestConnectionDiagnostics::test_modbus_and_web_success PASSED [ 10%]
tests/test_config_flow.py::TestConnectionDiagnostics::test_modbus_failure_shows_specific_reason PASSED [ 10%]
tests/test_config_flow.py::TestConnectionDiagnostics::test_invalid_web_pin_shows_specific_reason PASSED [ 10%]
tests/test_config_flow.py::TestModbusFailureRecovery::test_retry_returns_to_reconfigure_form_for_existing_entry PASSED [ 10%]
tests/test_config_flow.py::TestModbusFailureRecovery::test_invalid_web_pin_can_be_corrected_in_recovery_form PASSED [ 11%]
tests/test_config_flow.py::TestModbusFailureRecovery::test_web_only_mode_is_not_created_when_web_interface_is_unreachable PASSED [ 11%]
tests/test_config_flow.py::TestModbusFailureRecovery::test_web_only_reconfigure_updates_existing_entry_and_options PASSED [ 11%]
tests/test_config_flow.py::TestTestConnection::test_tcp_preflight_accepts_reachable_endpoint PASSED [ 11%]
tests/test_config_flow.py::TestTestConnection::test_tcp_preflight_reports_unknown_hostname PASSED [ 11%]
tests/test_config_flow.py::TestTestConnection::test_tcp_preflight_reports_connection_refused PASSED [ 11%]
tests/test_config_flow.py::TestTestConnection::test_tcp_preflight_reports_timeout PASSED [ 11%]
tests/test_config_flow.py::TestTestConnection::test_returns_true_on_success PASSED [ 12%]
tests/test_config_flow.py::TestTestConnection::test_returns_false_on_exception PASSED [ 12%]
tests/test_config_flow.py::TestTestConnection::test_returns_false_on_test_failure PASSED [ 12%]
tests/test_config_flow.py::TestTestConnection::test_disconnected_modbus_client_uses_tcp_check_for_specific_error PASSED [ 12%]
tests/test_config_flow.py::TestTestConnection::test_connection_refused_is_reported_as_modbus_disabled_or_wrong_port PASSED [ 12%]
tests/test_config_flow.py::TestTestConnection::test_timeout_is_reported_separately PASSED [ 12%]
tests/test_config_flow.py::TestTestConnection::test_disconnects_after_success PASSED [ 12%]
tests/test_config_flow.py::TestTestConnection::test_disconnects_after_exception PASSED [ 12%]
tests/test_config_flow.py::TestOptionsFlow::test_init PASSED             [ 13%]
tests/test_config_flow.py::TestOptionsFlow::test_step_init_calls_step_options PASSED [ 13%]
tests/test_config_flow.py::TestOptionsFlow::test_step_options_no_zones_creates_entry PASSED [ 13%]
tests/test_config_flow.py::TestOptionsFlow::test_step_options_with_zones_goes_to_zones PASSED [ 13%]
tests/test_config_flow.py::TestOptionsFlow::test_step_zones_no_input_shows_form PASSED [ 13%]
tests/test_config_flow.py::TestOptionsFlow::test_step_zones_with_input_creates_entry PASSED [ 13%]
tests/test_config_flow.py::TestOptionsFlow::test_get_options_flow PASSED [ 13%]
tests/test_config_flow.py::TestConfigFlowZoneBoundaries::test_max_zones_accepted PASSED [ 13%]
tests/test_config_flow.py::TestConfigFlowZoneBoundaries::test_zone_count_zero_skips_zones_step PASSED [ 14%]
tests/test_config_flow.py::TestConfigFlowZoneBoundaries::test_all_seven_heating_circuits PASSED [ 14%]
tests/test_config_flow.py::TestConfigFlowZoneBoundaries::test_zone_rooms_stored_correctly PASSED [ 14%]
tests/test_config_flow.py::TestConfigFlowFullFlow::test_user_to_options_to_create_entry PASSED [ 14%]
tests/test_config_flow.py::TestConfigFlowFullFlow::test_user_to_options_to_zones_to_create_entry PASSED [ 14%]
tests/test_config_flow.py::TestOptionsFlowFull::test_options_change_scan_interval PASSED [ 14%]
tests/test_config_flow.py::TestOptionsFlowFull::test_options_defaults_loaded_from_entry PASSED [ 14%]
tests/test_const.py::TestDomain::test_domain_value PASSED                [ 14%]
tests/test_const.py::TestDomain::test_unused_value PASSED                [ 15%]
tests/test_const.py::TestDomain::test_heating_circuits PASSED            [ 15%]
tests/test_const.py::TestDomain::test_max_zone_count PASSED              [ 15%]
tests/test_const.py::TestDomain::test_max_room_count PASSED              [ 15%]
tests/test_const.py::TestSystemMode::test_values PASSED                  [ 15%]
tests/test_const.py::TestSystemMode::test_is_int_enum PASSED             [ 15%]
tests/test_const.py::TestCircuitMode::test_values PASSED                 [ 15%]
tests/test_const.py::TestRoomMode::test_values PASSED                    [ 15%]
tests/test_const.py::TestSolarMode::test_values PASSED                   [ 16%]
tests/test_const.py::TestSmartGridStatus::test_values PASSED             [ 16%]
tests/test_const.py::TestHeatPumpStatus::test_values PASSED              [ 16%]
tests/test_const.py::TestHeatPumpStatus::test_is_int_flag PASSED         [ 16%]
tests/test_const.py::TestHeatPumpStatus::test_flag_combination PASSED    [ 16%]
tests/test_coordinator.py::TestNavigatorFamily::test_returns_none_for_non_string PASSED [ 16%]
tests/test_coordinator.py::TestNavigatorFamily::test_returns_none_for_generic_model PASSED [ 16%]
tests/test_coordinator.py::TestNavigatorFamily::test_detects_navigator_20 PASSED [ 17%]
tests/test_coordinator.py::TestNavigatorFamily::test_detects_navigator_10 PASSED [ 17%]
tests/test_coordinator.py::TestNavigatorFamily::test_detects_navigator_pro PASSED [ 17%]
tests/test_coordinator.py::TestNavigatorFamily::test_returns_none_when_both_20_and_10_mentioned PASSED [ 17%]
tests/test_coordinator.py::TestNavigatorFamily::test_returns_none_for_unknown_model PASSED [ 17%]
tests/test_coordinator.py::TestCoordinatorInit::test_properties_match_init PASSED [ 17%]
tests/test_coordinator.py::TestCoordinatorInit::test_update_interval PASSED [ 17%]
tests/test_coordinator.py::TestCoordinatorInit::test_client_stored PASSED [ 17%]
tests/test_coordinator.py::TestCoordinatorInit::test_config_entry_stored PASSED [ 18%]
tests/test_coordinator.py::TestCoordinatorInit::test_initial_web_supplement_caches_navigator_pro_variant PASSED [ 18%]
tests/test_coordinator.py::TestCoordinatorInit::test_initial_web_supplement_uses_heatpump_model_for_variant PASSED [ 18%]
tests/test_coordinator.py::TestRepairIssueClassification::test_classifies_communication_errors[error0-cannot_connect] PASSED [ 18%]
tests/test_coordinator.py::TestRepairIssueClassification::test_classifies_communication_errors[error1-modbus_connection_refused] PASSED [ 18%]
tests/test_coordinator.py::TestRepairIssueClassification::test_classifies_communication_errors[error2-host_not_found] PASSED [ 18%]
tests/test_coordinator.py::TestRepairIssueClassification::test_classifies_communication_errors[error3-modbus_connection_refused] PASSED [ 18%]
tests/test_coordinator.py::TestRepairIssueClassification::test_classifies_communication_errors[error4-modbus_timeout] PASSED [ 18%]
tests/test_coordinator.py::TestRepairIssueClassification::test_classifies_communication_errors[error5-modbus_timeout] PASSED [ 19%]
tests/test_coordinator.py::TestRepairIssueClassification::test_classifies_communication_errors[error6-wrong_slave_id] PASSED [ 19%]
tests/test_coordinator.py::TestRepairIssueClassification::test_classifies_communication_errors[error7-incompatible_firmware] PASSED [ 19%]
tests/test_coordinator.py::TestRepairIssueClassification::test_classifies_communication_errors[error8-modbus_timeout] PASSED [ 19%]
tests/test_coordinator.py::TestRepairIssueClassification::test_connection_refused_message_is_actionable PASSED [ 19%]
tests/test_coordinator.py::TestRepairIssueClassification::test_generic_communication_errors_are_actionable[error0-was interrupted] PASSED [ 19%]
tests/test_coordinator.py::TestRepairIssueClassification::test_generic_communication_errors_are_actionable[error1-no working network route] PASSED [ 19%]
tests/test_coordinator.py::TestRepairIssueClassification::test_generic_communication_errors_are_actionable[error2-response that could not be read] PASSED [ 19%]
tests/test_coordinator.py::TestSetupRegisters::test_registers_count PASSED [ 20%]
tests/test_coordinator.py::TestSetupRegisters::test_empty_registers PASSED [ 20%]
tests/test_coordinator.py::TestSetupRegisters::test_detected_model_is_forwarded_to_register_collection PASSED [ 20%]
tests/test_coordinator.py::TestSetupRegisters::test_register_by_name_cache_is_built PASSED [ 20%]
tests/test_coordinator.py::TestIsRegisterUnused::test_unused_value_is_unused PASSED [ 20%]
tests/test_coordinator.py::TestIsRegisterUnused::test_none_is_unused PASSED [ 20%]
tests/test_coordinator.py::TestIsRegisterUnused::test_normal_value_is_not_unused PASSED [ 20%]
tests/test_coordinator.py::TestIsRegisterUnused::test_hide_unused_false_never_unused PASSED [ 20%]
tests/test_coordinator.py::TestIsRegisterUnused::test_zero_is_not_unused PASSED [ 21%]
tests/test_coordinator.py::TestIsRegisterUnused::test_negative_one_is_unused PASSED [ 21%]
tests/test_coordinator.py::TestIsRegisterUnused::test_65535_is_unused PASSED [ 21%]
tests/test_coordinator.py::TestIsRegisterUnused::test_255_is_unused PASSED [ 21%]
tests/test_coordinator.py::TestIsRegisterUnused::test_register_metadata_sentinel_is_unused PASSED [ 21%]
tests/test_coordinator.py::TestIsRegisterUnused::test_undeclared_254_is_not_unused PASSED [ 21%]
tests/test_coordinator.py::TestIsRegisterUnused::test_documented_enum_value_255_is_not_unused PASSED [ 21%]
tests/test_coordinator.py::TestIsRegisterUnused::test_minus_32768_is_unused PASSED [ 21%]
tests/test_coordinator.py::TestIsRegisterUnused::test_nan_is_unused PASSED [ 22%]
tests/test_coordinator.py::TestIsRegisterUnused::test_inf_is_unused PASSED [ 22%]
tests/test_coordinator.py::TestIsRegisterUnused::test_normal_int_is_not_unused PASSED [ 22%]
tests/test_coordinator.py::TestIsRegisterUnused::test_negative_power_value_is_not_unused_when_not_sentinel PASSED [ 22%]
tests/test_coordinator.py::TestIsRegisterUnused::test_pump_status_negative_one_means_off PASSED [ 22%]
tests/test_coordinator.py::TestIsRegisterUnused::test_pump_status_real_sentinels_still_unused PASSED [ 22%]
tests/test_coordinator.py::TestIsRegisterUnused::test_battery_soc_negative_one_is_unused PASSED [ 22%]
tests/test_coordinator.py::TestIsRegisterUnused::test_get_register_uses_name_index PASSED [ 23%]
tests/test_coordinator.py::TestIsRegisterUnused::test_is_register_unused_resolves_register_via_name_cache PASSED [ 23%]
tests/test_coordinator.py::TestAsyncUpdateData::test_successful_update PASSED [ 23%]
tests/test_coordinator.py::TestAsyncUpdateData::test_empty_data_raises_update_failed PASSED [ 23%]
tests/test_coordinator.py::TestAsyncUpdateData::test_exception_raises_update_failed PASSED [ 23%]
tests/test_coordinator.py::TestAsyncUpdateData::test_illegal_address_is_isolated_and_skipped PASSED [ 23%]
tests/test_coordinator.py::TestAsyncUpdateData::test_illegal_address_creates_register_not_supported_issue PASSED [ 23%]
tests/test_coordinator.py::TestAsyncUpdateData::test_library_unsupported_registers_are_merged_into_skip_list PASSED [ 23%]
tests/test_coordinator.py::TestAsyncUpdateData::test_merge_unsupported_is_noop_without_library_support PASSED [ 24%]
tests/test_coordinator.py::TestAsyncUpdateData::test_non_address_modbus_errors_remain_fatal[error0] PASSED [ 24%]
tests/test_coordinator.py::TestAsyncUpdateData::test_non_address_modbus_errors_remain_fatal[error1] PASSED [ 24%]
tests/test_coordinator.py::TestAsyncUpdateData::test_zone_room_modes_are_refreshed_individually PASSED [ 24%]
tests/test_coordinator.py::TestAsyncUpdateData::test_batch_unsafe_zone_room_mode_is_not_read_twice PASSED [ 24%]
tests/test_coordinator.py::TestAsyncUpdateData::test_unsupported_zone_room_mode_does_not_break_poll PASSED [ 24%]
tests/test_coordinator.py::TestAsyncUpdateData::test_zone_room_mode_transport_error_uses_poll_repair_flow PASSED [ 24%]
tests/test_coordinator.py::TestAsyncUpdateData::test_invalid_zone_room_mode_is_omitted_without_losing_other_data PASSED [ 24%]
tests/test_coordinator.py::TestAsyncUpdateData::test_alias_primary_map_is_cached PASSED [ 25%]
tests/test_coordinator.py::TestAsyncUpdateData::test_modbus_update_preserves_latest_web_metadata PASSED [ 25%]
tests/test_coordinator.py::TestAsyncUpdateData::test_unused_registers_tracked PASSED [ 25%]
tests/test_coordinator.py::TestAsyncUpdateData::test_unused_registers_are_recomputed_each_update PASSED [ 25%]
tests/test_coordinator.py::TestAsyncUpdateData::test_issue_deleted_on_success PASSED [ 25%]
tests/test_coordinator.py::TestAsyncUpdateData::test_connectivity_issues_deleted_on_success PASSED [ 25%]
tests/test_coordinator.py::TestAsyncUpdateData::test_issue_created_on_failure PASSED [ 25%]
tests/test_coordinator.py::TestAsyncUpdateData::test_wrong_slave_id_issue_created_on_no_response PASSED [ 25%]
tests/test_coordinator.py::TestAsyncUpdateData::test_incompatible_firmware_issue_created_on_illegal_function PASSED [ 26%]
tests/test_coordinator.py::TestAsyncUpdateData::test_zone_room_modes_read_individually_for_multiple_zones PASSED [ 26%]
tests/test_coordinator.py::TestAsyncUpdateData::test_zone_room_mode_register_subset_cached_at_setup PASSED [ 26%]
tests/test_coordinator.py::TestAsyncUpdateData::test_alias_primary_map_built_once_reused_across_updates PASSED [ 26%]
tests/test_coordinator.py::TestAsyncWriteRegister::test_write_updates_data_optimistically PASSED [ 26%]
tests/test_coordinator.py::TestAsyncWriteRegister::test_write_updates_all_register_aliases_optimistically PASSED [ 26%]
tests/test_coordinator.py::TestAsyncWriteRegister::test_write_triggers_delayed_refresh PASSED [ 26%]
tests/test_coordinator.py::TestAsyncWriteRegister::test_write_no_data_initializes PASSED [ 26%]
tests/test_coordinator.py::TestAsyncWriteRegister::test_write_calls_async_update_listeners PASSED [ 27%]
tests/test_coordinator.py::TestAsyncWriteRegister::test_write_failure_creates_write_rejected_issue PASSED [ 27%]
tests/test_coordinator.py::TestAsyncWriteRegister::test_multiple_writes_update_data_and_listeners PASSED [ 27%]
tests/test_coordinator.py::TestAsyncWriteRegister::test_write_failure_propagates PASSED [ 27%]
tests/test_coordinator.py::TestAsyncWriteRegister::test_shutdown_cancels_delayed_refresh_task PASSED [ 27%]
tests/test_coordinator.py::TestAsyncRefreshWebSupplement::test_web_authentication_failure_creates_specific_repair_issue PASSED [ 27%]
tests/test_coordinator.py::TestAsyncRefreshWebSupplement::test_web_refresh_failure_creates_repair_issue PASSED [ 27%]
tests/test_coordinator.py::TestAsyncRefreshWebSupplement::test_web_refresh_success_updates_data_and_deletes_repair_issue PASSED [ 28%]
tests/test_coordinator.py::TestAsyncRefreshWebSupplement::test_web_refresh_does_not_override_modbus_detected_navigator_20 PASSED [ 28%]
tests/test_coordinator.py::TestAsyncRefreshWebSupplement::test_web_refresh_success_reports_missing_core_values PASSED [ 28%]
tests/test_coordinator.py::TestAsyncRefreshWebSupplement::test_web_refresh_persists_retroactive_navigator_detection PASSED [ 28%]
tests/test_coordinator.py::TestAsyncRefreshWebSupplement::test_web_refresh_does_not_persist_on_conflict PASSED [ 28%]
tests/test_coordinator.py::TestAsyncRefreshWebSupplement::test_web_refresh_does_not_persist_unchanged_values PASSED [ 28%]
tests/test_coordinator.py::TestAsyncRefreshWebSupplement::test_web_refresh_updates_model_info_when_undetected PASSED [ 28%]
tests/test_coordinator.py::TestAsyncRefreshWebSupplement::test_web_refresh_updates_generic_model_info_name PASSED [ 28%]
tests/test_coordinator.py::TestAsyncRefreshWebSupplement::test_web_refresh_caches_navigator20_variant PASSED [ 29%]
tests/test_coordinator.py::TestAsyncRefreshWebSupplement::test_web_refresh_uses_stored_variant_even_without_snapshot PASSED [ 29%]
tests/test_coordinator.py::TestAsyncRefreshWebSupplement::test_web_refresh_caches_navigator10_variant PASSED [ 29%]
tests/test_coordinator.py::TestAsyncRefreshWebSupplement::test_web_refresh_caches_navigator_pro_variant PASSED [ 29%]
tests/test_coordinator.py::TestAsyncRefreshWebSupplement::test_web_refresh_uses_heatpump_model_for_variant PASSED [ 29%]
tests/test_coordinator.py::TestCoordinatorProperties::test_client_property PASSED [ 29%]
tests/test_coordinator.py::TestCoordinatorProperties::test_hide_unused_property PASSED [ 29%]
tests/test_coordinator.py::TestCoordinatorProperties::test_registers_count_initial_zero PASSED [ 29%]
tests/test_coordinator.py::TestCoordinatorProperties::test_unused_registers_initially_empty PASSED [ 30%]
tests/test_coordinator.py::TestCoordinatorProperties::test_unsupported_registers_initially_empty PASSED [ 30%]
tests/test_coordinator.py::TestSetupRegistersWithCascade::test_cascade_registers_included PASSED [ 30%]
tests/test_coordinator.py::TestSetupRegistersWithCascade::test_cascade_false_by_default PASSED [ 30%]
tests/test_coordinator.py::TestUnusedRegistersAccumulation::test_unused_registers_accumulate_across_updates PASSED [ 30%]
tests/test_coordinator.py::TestUnusedRegistersAccumulation::test_unused_registers_not_tracked_when_hide_unused_false PASSED [ 30%]
tests/test_cross_repo_contract.py::test_each_entity_description_uses_stable_register_key PASSED [ 30%]
tests/test_cross_repo_contract.py::test_entity_descriptions_have_valid_measurement_metadata PASSED [ 30%]
tests/test_cross_repo_contract.py::test_writable_registers_only_use_write_capable_platforms_or_glt_sensor_dual_exposure PASSED [ 31%]
tests/test_cross_repo_contract.py::test_address_duplicates_are_documented_aliases_only PASSED [ 31%]
tests/test_cross_repo_contract.py::test_navigator_20_excludes_navigator_10_entities PASSED [ 31%]
tests/test_diagnostics.py::TestDiagnostics::test_returns_dict PASSED     [ 31%]
tests/test_diagnostics.py::TestDiagnostics::test_contains_entry_key PASSED [ 31%]
tests/test_diagnostics.py::TestDiagnostics::test_contains_data_key PASSED [ 31%]
tests/test_diagnostics.py::TestDiagnostics::test_data_contains_coordinator_info PASSED [ 31%]
tests/test_diagnostics.py::TestDiagnostics::test_sensitive_fields_redacted PASSED [ 31%]
tests/test_diagnostics.py::TestDiagnostics::test_web_error_diagnostics_do_not_expose_connection_details PASSED [ 32%]
tests/test_diagnostics.py::TestDiagnostics::test_contains_detected_model_details PASSED [ 32%]
tests/test_diagnostics.py::TestDiagnostics::test_handles_missing_model_info PASSED [ 32%]
tests/test_diagnostics.py::TestDiagnostics::test_coordinator_counts_match PASSED [ 32%]
tests/test_entity.py::TestIdmEntityInit::test_unique_id_format PASSED    [ 32%]
tests/test_entity.py::TestIdmEntityInit::test_unique_id_ignores_connection_settings PASSED [ 32%]
tests/test_entity.py::TestIdmEntityInit::test_device_info_has_domain_identifier PASSED [ 32%]
tests/test_entity.py::TestIdmEntityInit::test_device_info_has_manufacturer PASSED [ 32%]
tests/test_entity.py::TestIdmEntityInit::test_device_info_has_model PASSED [ 33%]
tests/test_entity.py::TestIdmEntityInit::test_device_info_uses_entry_title PASSED [ 33%]
tests/test_entity.py::TestIdmEntityInit::test_device_info_uses_detected_model PASSED [ 33%]
tests/test_entity.py::TestIdmEntityInit::test_device_info_has_sw_version_when_firmware_known PASSED [ 33%]
tests/test_entity.py::TestIdmEntityInit::test_device_info_omits_sw_version_when_firmware_unknown PASSED [ 33%]
tests/test_entity.py::TestIdmEntityInit::test_device_info_has_serial_number_when_myidm_id_known PASSED [ 33%]
tests/test_entity.py::TestIdmEntityInit::test_entity_description_set PASSED [ 33%]
tests/test_entity.py::TestIdmEntityInit::test_register_stored PASSED     [ 34%]
tests/test_entity.py::TestIdmEntityInit::test_has_entity_name_true PASSED [ 34%]
tests/test_entity.py::TestBuildDeviceInfoCache::test_caches_and_returns_same_object_on_second_call PASSED [ 34%]
tests/test_entity.py::TestBuildDeviceInfoCache::test_cache_invalidated_returns_rebuilt_object PASSED [ 34%]
tests/test_entity.py::TestIdmEntityAvailable::test_unavailable_when_coordinator_unavailable PASSED [ 34%]
tests/test_entity.py::TestIdmEntityAvailable::test_unavailable_when_no_data PASSED [ 34%]
tests/test_entity.py::TestIdmEntityAvailable::test_unavailable_when_register_not_in_data PASSED [ 34%]
tests/test_entity.py::TestIdmEntityAvailable::test_available_when_data_present PASSED [ 34%]
tests/test_entity.py::TestIdmEntityAvailable::test_unavailable_when_value_is_unused PASSED [ 35%]
tests/test_entity.py::TestIdmEntityAvailable::test_available_when_hide_unused_false_and_unused_value PASSED [ 35%]
tests/test_entity.py::TestIdmEntityAvailable::test_unused_entity_keeps_stable_unique_id_for_history PASSED [ 35%]
tests/test_entity.py::TestIdmEntityAvailable::test_unused_entity_becomes_available_again_without_unique_id_change PASSED [ 35%]
tests/test_entity.py::TestIdmEntityAvailable::test_available_normal_value_with_hide_unused PASSED [ 35%]
tests/test_entity.py::TestIdmEntityAvailable::test_unavailable_with_sentinel_minus_one PASSED [ 35%]
tests/test_entity.py::TestIdmEntityAvailable::test_available_zero_is_not_unused PASSED [ 35%]
tests/test_entity.py::TestIdmEntityAvailable::test_available_empty_dict_data_is_unavailable PASSED [ 35%]
tests/test_entity.py::TestIdmEntityAvailable::test_unavailable_when_value_is_65535 PASSED [ 36%]
tests/test_entity.py::TestIdmEntityAvailable::test_unavailable_when_value_is_255 PASSED [ 36%]
tests/test_entity.py::TestIdmEntityAvailable::test_unavailable_when_value_is_minus_32768 PASSED [ 36%]
tests/test_entity.py::TestIdmEntityAvailable::test_available_when_hide_unused_false_and_65535 PASSED [ 36%]
tests/test_entity.py::TestIdmEntityAvailable::test_normal_positive_value_available PASSED [ 36%]
tests/test_entity_naming.py::test_control_entity_names_are_declared_in_canonical_strings PASSED [ 36%]
tests/test_entity_naming.py::test_german_control_entity_names_are_user_facing PASSED [ 36%]
tests/test_entity_naming.py::test_control_entities_do_not_override_their_translated_names PASSED [ 36%]
tests/test_entity_profiles.py::test_core_temperature_is_not_diagnostic PASSED [ 37%]
tests/test_entity_profiles.py::test_core_energy_is_not_diagnostic PASSED [ 37%]
tests/test_entity_profiles.py::test_internal_message_remains_diagnostic PASSED [ 37%]
tests/test_entity_profiles.py::test_technical_pump_signal_remains_disabled_diagnostic PASSED [ 37%]
tests/test_entity_profiles.py::test_expected_core_keys_are_explicitly_profiled PASSED [ 37%]
tests/test_error_messages.py::test_classifies_common_communication_variants[error0-host_not_found] PASSED [ 37%]
tests/test_error_messages.py::test_classifies_common_communication_variants[error1-modbus_connection_refused] PASSED [ 37%]
tests/test_error_messages.py::test_classifies_common_communication_variants[error2-modbus_timeout] PASSED [ 37%]
tests/test_error_messages.py::test_classifies_common_communication_variants[error3-wrong_slave_id] PASSED [ 38%]
tests/test_error_messages.py::test_classifies_common_communication_variants[error4-incompatible_firmware] PASSED [ 38%]
tests/test_error_messages.py::test_classifies_web_errors[error0-web_host_not_found] PASSED [ 38%]
tests/test_error_messages.py::test_classifies_web_errors[error1-web_connection_refused] PASSED [ 38%]
tests/test_error_messages.py::test_classifies_web_errors[error2-web_timeout] PASSED [ 38%]
tests/test_error_messages.py::test_classifies_web_errors[error3-web_invalid_response] PASSED [ 38%]
tests/test_error_messages.py::test_classifies_web_errors[error4-web_supplement_failed] PASSED [ 38%]
tests/test_error_messages.py::test_classifies_write_errors[error0-write_connection_failed] PASSED [ 39%]
tests/test_error_messages.py::test_classifies_write_errors[error1-write_out_of_range] PASSED [ 39%]
tests/test_error_messages.py::test_classifies_write_errors[error2-write_read_only] PASSED [ 39%]
tests/test_error_messages.py::test_classifies_write_errors[error3-write_not_supported] PASSED [ 39%]
tests/test_error_messages.py::test_classifies_write_errors[error4-write_invalid_value] PASSED [ 39%]
tests/test_error_messages.py::test_classifies_write_errors[error5-write_failed] PASSED [ 39%]
tests/test_init.py::TestIdmHeatpumpData::test_dataclass_fields PASSED    [ 39%]
tests/test_init.py::TestIdmHeatpumpData::test_is_dataclass PASSED        [ 39%]
tests/test_init.py::TestAsyncSetup::test_calls_setup_services PASSED     [ 40%]
tests/test_init.py::TestAsyncSetup::test_returns_true PASSED             [ 40%]
tests/test_init.py::TestAsyncMigrateEntry::test_migrates_legacy_entity_and_config_entry_unique_ids PASSED [ 40%]
tests/test_init.py::TestAsyncMigrateEntry::test_updates_entry_version_when_no_legacy_entities_exist PASSED [ 40%]
tests/test_init.py::TestAsyncMigrateEntry::test_migrates_multiple_legacy_unique_id_prefixes PASSED [ 40%]
tests/test_init.py::TestAsyncMigrateEntry::test_skips_current_config_entry_version PASSED [ 40%]
tests/test_init.py::TestAsyncSetupEntry::test_sets_runtime_data PASSED   [ 40%]
tests/test_init.py::TestAsyncSetupEntry::test_raises_config_entry_not_ready_on_connect_failure PASSED [ 40%]
tests/test_init.py::TestAsyncSetupEntry::test_disconnects_client_when_first_refresh_fails PASSED [ 41%]
tests/test_init.py::TestAsyncSetupEntry::test_forwards_entry_setups PASSED [ 41%]
tests/test_init.py::TestAsyncSetupWebOnlyEntry::test_web_only_creates_coordinator_and_starts_web_task PASSED [ 41%]
tests/test_init.py::TestAsyncSetupWebOnlyEntry::test_web_only_uses_detected_navigator_version_as_model_hint PASSED [ 41%]
tests/test_init.py::TestAsyncSetupWebOnlyEntry::test_web_only_continues_when_initial_web_read_fails PASSED [ 41%]
tests/test_init.py::TestAsyncUnloadEntry::test_unloads_platforms PASSED  [ 41%]
tests/test_init.py::TestAsyncUnloadEntry::test_disconnects_client_on_success PASSED [ 41%]
tests/test_init.py::TestAsyncUnloadEntry::test_does_not_disconnect_on_unload_failure PASSED [ 41%]
tests/test_init.py::TestAsyncUnloadEntry::test_returns_unload_result PASSED [ 42%]
tests/test_init.py::TestAsyncUnloadEntry::test_shuts_down_coordinator_on_unload PASSED [ 42%]
tests/test_init.py::TestAsyncReloadEntry::test_calls_async_reload PASSED [ 42%]
tests/test_init.py::TestAsyncSetupEntryOptions::test_missing_web_pin_issue_created_only_when_web_enabled PASSED [ 42%]
tests/test_init.py::TestAsyncSetupEntryOptions::test_missing_web_pin_issue_not_created_when_web_disabled PASSED [ 42%]
tests/test_init.py::TestAsyncSetupEntryOptions::test_default_port_used_when_missing PASSED [ 42%]
tests/test_init.py::TestAsyncSetupEntryOptions::test_default_slave_id_used_when_missing PASSED [ 42%]
tests/test_init.py::TestAsyncSetupEntryOptions::test_modbus_timeout_and_retries_passed_to_client PASSED [ 42%]
tests/test_init.py::TestAsyncSetupEntryOptions::test_modbus_timeout_and_retries_default_when_missing PASSED [ 43%]
tests/test_init.py::TestAsyncSetupEntryOptions::test_separate_web_host_is_used_for_web_supplement PASSED [ 43%]
tests/test_init.py::TestAsyncSetupEntryOptions::test_stored_web_variant_locks_runtime_protocol PASSED [ 43%]
tests/test_init.py::TestAsyncSetupEntryOptions::test_coordinator_first_refresh_failure_raises_not_ready PASSED [ 43%]
tests/test_init.py::TestAsyncSetupEntryOptions::test_hide_unused_passed_to_coordinator PASSED [ 43%]
tests/test_init.py::TestAsyncSetupEntryOptions::test_selected_circuits_zones_and_cascade_drive_description_builders PASSED [ 43%]
tests/test_init.py::TestAsyncSetupEntryOptions::test_setup_entry_normalizes_persisted_zone_room_keys PASSED [ 43%]
tests/test_init.py::TestAsyncSetupEntryOptions::test_enable_cascade_defaults_false PASSED [ 43%]
tests/test_init.py::TestDetectModelInfo::test_returns_detected_model_name PASSED [ 44%]
tests/test_init.py::TestDetectModelInfo::test_uses_client_model_name_when_model_unknown PASSED [ 44%]
tests/test_init.py::TestDetectModelInfo::test_falls_back_when_model_and_client_model_unknown PASSED [ 44%]
tests/test_init.py::TestDetectModelInfo::test_falls_back_on_detection_exception PASSED [ 44%]
tests/test_init.py::TestDetectModelInfo::test_falls_back_on_non_string_model_name PASSED [ 44%]
tests/test_init.py::TestDetectModelInfo::test_returns_firmware_version_when_present PASSED [ 44%]
tests/test_init.py::TestDetectModelInfo::test_returns_numeric_firmware_version_as_string PASSED [ 44%]
tests/test_init.py::TestDetectModelInfo::test_firmware_version_none_when_not_exposed_by_library PASSED [ 45%]
tests/test_init.py::TestDetectModelInfo::test_returns_detected_model_info_object PASSED [ 45%]
tests/test_init.py::TestDetectModelInfo::test_skips_unreliable_firmware_register_probe PASSED [ 45%]
tests/test_init.py::TestDetectModelInfo::test_builds_navigator_20_model_info_from_detected_name PASSED [ 45%]
tests/test_init.py::TestDetectModelInfo::test_generic_model_name_defaults_to_navigator_20 PASSED [ 45%]
tests/test_init.py::TestDetectModelInfo::test_navigator_10_model_name_returns_navigator_10 PASSED [ 45%]
tests/test_init.py::TestDetectModelInfo::test_unknown_model_name_defaults_to_navigator_20 PASSED [ 45%]
tests/test_init.py::TestAsyncSetupEntryModelDetection::test_coordinator_receives_detected_model_name PASSED [ 45%]
tests/test_init.py::TestAsyncSetupEntryModelDetection::test_coordinator_receives_detected_model_info PASSED [ 46%]
tests/test_init.py::TestAsyncSetupEntryModelDetection::test_detected_model_info_drives_register_generation PASSED [ 46%]
tests/test_init.py::TestAsyncSetupEntryModelDetection::test_detect_model_result_drives_register_generation_without_client_cache PASSED [ 46%]
tests/test_init.py::TestAsyncSetupEntryModelDetection::test_stored_detected_navigator_20_name_drives_register_generation PASSED [ 46%]
tests/test_init.py::TestAsyncSetupEntryModelDetection::test_modbus_detected_navigator_20_overrides_stale_stored_navigator_10 PASSED [ 46%]
tests/test_init.py::TestAsyncSetupEntryModelDetection::test_modbus_detected_navigator_20_overrides_conflicting_web_navigator_10 PASSED [ 46%]
tests/test_init.py::TestAsyncSetupEntryModelDetection::test_coordinator_receives_detected_firmware_version PASSED [ 46%]
tests/test_init.py::TestAsyncSetupEntryModelDetection::test_coordinator_falls_back_to_default_model PASSED [ 46%]
tests/test_init.py::TestAsyncSetupEntryModelDetection::test_detection_failure_passes_navigator_20_model_info_to_platforms PASSED [ 47%]
tests/test_init.py::TestAsyncSetupEntryModelDetection::test_detection_failure_with_stored_navigator_version_builds_fallback_model_info PASSED [ 47%]
tests/test_library_client.py::TestRegisterDef::test_float_size PASSED    [ 47%]
tests/test_library_client.py::TestRegisterDef::test_non_float_size PASSED [ 47%]
tests/test_library_client.py::TestDecodeValue::test_float PASSED         [ 47%]
tests/test_library_client.py::TestDecodeValue::test_float_nan_returns_none PASSED [ 47%]
tests/test_library_client.py::TestDecodeValue::test_float_with_multiplier PASSED [ 47%]
tests/test_library_client.py::TestDecodeValue::test_uchar PASSED         [ 47%]
tests/test_library_client.py::TestDecodeValue::test_uchar_high_byte_masked PASSED [ 48%]
tests/test_library_client.py::TestDecodeValue::test_int8_positive PASSED [ 48%]
tests/test_library_client.py::TestDecodeValue::test_int8_negative PASSED [ 48%]
tests/test_library_client.py::TestDecodeValue::test_int16_positive PASSED [ 48%]
tests/test_library_client.py::TestDecodeValue::test_int16_negative PASSED [ 48%]
tests/test_library_client.py::TestDecodeValue::test_uint16 PASSED        [ 48%]
tests/test_library_client.py::TestDecodeValue::test_bool_true PASSED     [ 48%]
tests/test_library_client.py::TestDecodeValue::test_bool_false PASSED    [ 48%]
tests/test_library_client.py::TestDecodeValue::test_bool_odd_value PASSED [ 49%]
tests/test_library_client.py::TestDecodeValue::test_float_not_enough_registers PASSED [ 49%]
tests/test_library_client.py::TestEncodeValue::test_float_roundtrip PASSED [ 49%]
tests/test_library_client.py::TestEncodeValue::test_uchar PASSED         [ 49%]
tests/test_library_client.py::TestEncodeValue::test_uchar_max_value PASSED [ 49%]
tests/test_library_client.py::TestEncodeValue::test_int8_negative PASSED [ 49%]
tests/test_library_client.py::TestEncodeValue::test_int16_negative PASSED [ 49%]
tests/test_library_client.py::TestEncodeValue::test_uint16 PASSED        [ 50%]
tests/test_library_client.py::TestEncodeValue::test_bool_true PASSED     [ 50%]
tests/test_library_client.py::TestEncodeValue::test_bool_false PASSED    [ 50%]
tests/test_library_client.py::TestReadRegister::test_read_float PASSED   [ 50%]
tests/test_library_client.py::TestReadRegister::test_read_uchar PASSED   [ 50%]
tests/test_library_client.py::TestReadRegister::test_read_reconnects_when_disconnected PASSED [ 50%]
tests/test_library_client.py::TestReadRegister::test_read_raises_on_modbus_error PASSED [ 50%]
tests/test_library_client.py::TestWriteRegister::test_write_float PASSED [ 50%]
tests/test_library_client.py::TestWriteRegister::test_write_readonly_raises PASSED [ 51%]
tests/test_library_client.py::TestWriteRegister::test_write_below_min_raises PASSED [ 51%]
tests/test_library_client.py::TestWriteRegister::test_write_above_max_raises PASSED [ 51%]
tests/test_library_client.py::TestWriteRegister::test_write_modbus_error_raises PASSED [ 51%]
tests/test_library_client.py::TestReadBatch::test_empty_batch PASSED     [ 51%]
tests/test_library_client.py::TestReadBatch::test_batch_contiguous_registers PASSED [ 51%]
tests/test_library_client.py::TestReadBatch::test_batch_non_contiguous_registers PASSED [ 51%]
tests/test_library_client.py::TestReadBatch::test_batch_partial_failure_continues PASSED [ 51%]
tests/test_library_client.py::TestConnectDisconnect::test_connect PASSED [ 52%]
tests/test_library_client.py::TestConnectDisconnect::test_connect_skips_if_already_connected PASSED [ 52%]
tests/test_library_client.py::TestConnectDisconnect::test_disconnect PASSED [ 52%]
tests/test_library_client.py::TestConnectDisconnect::test_get_client_raises_when_not_connected PASSED [ 52%]
tests/test_library_client.py::TestClientProperties::test_host_property PASSED [ 52%]
tests/test_library_client.py::TestClientProperties::test_port_property PASSED [ 52%]
tests/test_library_client.py::TestClientProperties::test_default_port PASSED [ 52%]
tests/test_library_client.py::TestBitflagCodec::test_decode_bitflag_returns_raw_int PASSED [ 52%]
tests/test_library_client.py::TestBitflagCodec::test_decode_bitflag_masks_high_byte PASSED [ 53%]
tests/test_library_client.py::TestBitflagCodec::test_encode_bitflag PASSED [ 53%]
tests/test_library_client.py::TestBitflagCodec::test_encode_bitflag_masks_high_byte PASSED [ 53%]
tests/test_library_client.py::TestReadBatchGrouping::test_registers_within_30_limit_form_one_group PASSED [ 53%]
tests/test_library_client.py::TestReadBatchGrouping::test_registers_exceeding_40_limit_form_two_groups PASSED [ 53%]
tests/test_library_client.py::TestReadBatchGrouping::test_float_pair_counts_as_two_in_group_size PASSED [ 53%]
tests/test_library_client.py::TestReadBatchGrouping::test_twenty_one_float_registers_are_split_into_two_groups PASSED [ 53%]
tests/test_library_client.py::TestReadBatchGrouping::test_gap_in_addresses_creates_new_group PASSED [ 53%]
tests/test_library_client.py::TestReadGroupFailureTracking::test_first_failure_increments_count PASSED [ 54%]
tests/test_library_client.py::TestReadGroupFailureTracking::test_second_failure_increments_to_two PASSED [ 54%]
tests/test_library_client.py::TestReadGroupFailureTracking::test_third_failure_marks_permanent PASSED [ 54%]
tests/test_library_client.py::TestReadGroupFailureTracking::test_permanently_failed_register_skipped PASSED [ 54%]
tests/test_library_client.py::TestReadGroupFailureTracking::test_reset_failed_registers PASSED [ 54%]
tests/test_library_client.py::TestReadGroupFailureTracking::test_incomplete_data_skips_register PASSED [ 54%]
tests/test_log_filter.py::TestPymodbusNoiseFilter::test_drops_known_noisy_error_records[Failed to connect [Errno 111] Connect call failed ('192.168.178.196', 5020)] PASSED [ 54%]
tests/test_log_filter.py::TestPymodbusNoiseFilter::test_drops_known_noisy_error_records[Cancel send, because not connected!] PASSED [ 54%]
tests/test_log_filter.py::TestPymodbusNoiseFilter::test_drops_known_noisy_error_records[No response received after 3 retries, continue with next request] PASSED [ 55%]
tests/test_log_filter.py::TestPymodbusNoiseFilter::test_drops_known_noisy_error_records[Cancel send, because not connected! >>>>> recv: 0xb 0x4 >>>>> send: 0xb 0x4] PASSED [ 55%]
tests/test_log_filter.py::TestPymodbusNoiseFilter::test_drops_known_noisy_error_records[No response received after 3 retries, continue with next request\n>>>>> recv: 0xb] PASSED [ 55%]
tests/test_log_filter.py::TestPymodbusNoiseFilter::test_passes_through_other_error_records[ERROR: No response received of the last requests (default: retries+3), CLOSING CONNECTION.] PASSED [ 55%]
tests/test_log_filter.py::TestPymodbusNoiseFilter::test_passes_through_other_error_records[Some other modbus error] PASSED [ 55%]
tests/test_log_filter.py::TestPymodbusNoiseFilter::test_passes_through_other_error_records[Connection reset by peer] PASSED [ 55%]
tests/test_log_filter.py::TestPymodbusNoiseFilter::test_passes_through_non_error_records[10] PASSED [ 55%]
tests/test_log_filter.py::TestPymodbusNoiseFilter::test_passes_through_non_error_records[20] PASSED [ 56%]
tests/test_log_filter.py::TestPymodbusNoiseFilter::test_passes_through_non_error_records[30] PASSED [ 56%]
tests/test_log_filter.py::TestInstallPymodbusLogFilter::test_installs_filter_on_pymodbus_logger PASSED [ 56%]
tests/test_log_filter.py::TestInstallPymodbusLogFilter::test_installs_filter_on_library_logger PASSED [ 56%]
tests/test_log_filter.py::TestInstallPymodbusLogFilter::test_is_idempotent PASSED [ 56%]
tests/test_log_filter.py::TestLibraryIllegalAddressFilter::test_drops_repeated_register_failure_warnings[Modbus read at address 1000 failed after 3 attempts: Modbus Error: ...] PASSED [ 56%]
tests/test_log_filter.py::TestLibraryIllegalAddressFilter::test_drops_repeated_register_failure_warnings[Modbus write at address 1200 failed after 1 attempts: ...] PASSED [ 56%]
tests/test_log_filter.py::TestLibraryIllegalAddressFilter::test_drops_repeated_register_failure_warnings[Register cascade_temp (address 1200) has failed 3 times. Marking as permanently failed.] PASSED [ 56%]
tests/test_log_filter.py::TestLibraryIllegalAddressFilter::test_passes_through_other_warnings[Connection lost while reading group at address 1000] PASSED [ 57%]
tests/test_log_filter.py::TestLibraryIllegalAddressFilter::test_passes_through_other_warnings[Connection lost during individual read of outdoor_temp (address 1000)] PASSED [ 57%]
tests/test_log_filter.py::TestLibraryIllegalAddressFilter::test_passes_through_other_warnings[Decoding failed for register outdoor_temp (address 1000): bad value] PASSED [ 57%]
tests/test_log_filter.py::TestLibraryIllegalAddressFilter::test_passes_through_other_warnings[Incomplete data for register outdoor_temp (address 1000)] PASSED [ 57%]
tests/test_log_filter.py::TestLibraryIllegalAddressFilter::test_passes_through_other_warnings[Some unrelated library warning] PASSED [ 57%]
tests/test_log_filter.py::TestLibraryIllegalAddressFilter::test_passes_through_below_warning[10] PASSED [ 57%]
tests/test_log_filter.py::TestLibraryIllegalAddressFilter::test_passes_through_below_warning[20] PASSED [ 57%]
tests/test_platforms.py::TestDecodeBitflag::test_zero_returns_aus PASSED [ 57%]
tests/test_platforms.py::TestDecodeBitflag::test_zero_with_no_zero_key_returns_fallback PASSED [ 58%]
tests/test_platforms.py::TestDecodeBitflag::test_single_bit_set PASSED   [ 58%]
tests/test_platforms.py::TestDecodeBitflag::test_multiple_bits_set_pipe_separated PASSED [ 58%]
tests/test_platforms.py::TestDecodeBitflag::test_all_bits_set PASSED     [ 58%]
tests/test_platforms.py::TestDecodeBitflag::test_unknown_value_returns_unbekannt PASSED [ 58%]
tests/test_platforms.py::TestIdmSensor::test_native_value_plain PASSED   [ 58%]
tests/test_platforms.py::TestIdmSensor::test_native_value_none_when_missing PASSED [ 58%]
tests/test_platforms.py::TestIdmSensor::test_native_value_enum_lookup PASSED [ 58%]
tests/test_platforms.py::TestIdmSensor::test_native_value_enum_unknown PASSED [ 59%]
tests/test_platforms.py::TestIdmSensor::test_native_value_none_with_enum_returns_none PASSED [ 59%]
tests/test_platforms.py::TestIdmSensor::test_native_value_bitflag_decoded PASSED [ 59%]
tests/test_platforms.py::TestIdmSensor::test_native_value_bitflag_multi_bit PASSED [ 59%]
tests/test_platforms.py::TestIdmSensor::test_internal_message_native_value_formats_known_code PASSED [ 59%]
tests/test_platforms.py::TestIdmSensor::test_internal_message_native_value_formats_range_code PASSED [ 59%]
tests/test_platforms.py::TestIdmSensor::test_internal_message_native_value_formats_unknown_code PASSED [ 59%]
tests/test_platforms.py::TestSensorAsyncSetupEntry::test_creates_sensors_from_coordinator PASSED [ 59%]
tests/test_platforms.py::TestSensorAsyncSetupEntry::test_adds_runtime_api_version_diagnostic_sensor PASSED [ 60%]
tests/test_platforms.py::TestSensorAsyncSetupEntry::test_unused_sensor_is_not_registered_when_hide_unused_enabled PASSED [ 60%]
tests/test_platforms.py::TestSensorAsyncSetupEntry::test_unused_sensor_is_registered_when_hide_unused_disabled PASSED [ 60%]
tests/test_platforms.py::TestSensorAsyncSetupEntry::test_excludes_writable_enum_uchar_sensors PASSED [ 60%]
tests/test_platforms.py::TestSensorAsyncSetupEntry::test_readonly_enum_uchar_sensor_included PASSED [ 60%]
tests/test_platforms.py::TestSensorAsyncSetupEntry::test_adds_technician_sensors_when_enabled PASSED [ 60%]
tests/test_platforms.py::TestSensorAsyncSetupEntry::test_adds_technician_sensors_before_regular_sensors PASSED [ 60%]
tests/test_platforms.py::TestSensorAsyncSetupEntry::test_sorts_regular_and_web_sensors_into_functional_blocks PASSED [ 60%]
tests/test_platforms.py::TestSensorAsyncSetupEntry::test_adds_web_only_sensors_when_web_enabled PASSED [ 61%]
tests/test_platforms.py::TestSensorAsyncSetupEntry::test_web_sensor_uses_api_metadata_when_available PASSED [ 61%]
tests/test_platforms.py::TestSensorAsyncSetupEntry::test_web_sensor_device_info_uses_latest_firmware_metadata PASSED [ 61%]
tests/test_platforms.py::TestSensorAsyncSetupEntry::test_does_not_add_web_sensors_when_web_disabled PASSED [ 61%]
tests/test_platforms.py::TestIdmTechnicianCodeSensor::test_init PASSED   [ 61%]
tests/test_platforms.py::TestIdmTechnicianCodeSensor::test_level_2_name PASSED [ 61%]
tests/test_platforms.py::TestIdmTechnicianCodeSensor::test_available_always_true PASSED [ 61%]
tests/test_platforms.py::TestIdmTechnicianCodeSensor::test_native_value_returns_code PASSED [ 62%]
tests/test_platforms.py::TestIdmTechnicianCodeSensor::test_entity_enabled_by_default PASSED [ 62%]
tests/test_platforms.py::TestIdmTechnicianCodeSensor::test_async_will_remove_cancels_timer PASSED [ 62%]
tests/test_platforms.py::TestIdmTechnicianCodeSensor::test_async_will_remove_no_timer PASSED [ 62%]
tests/test_platforms.py::TestIdmTechnicianCodeSensor::test_async_refresh_writes_ha_state PASSED [ 62%]
tests/test_platforms.py::TestIdmTechnicianCodeSensor::test_async_added_to_hass_starts_timer PASSED [ 62%]
tests/test_platforms.py::TestIdmBinarySensor::test_is_on_true PASSED     [ 62%]
tests/test_platforms.py::TestIdmBinarySensor::test_is_on_false PASSED    [ 62%]
tests/test_platforms.py::TestIdmBinarySensor::test_is_on_none_returns_false PASSED [ 63%]
tests/test_platforms.py::TestIdmBinarySensor::test_is_on_false_when_data_is_none PASSED [ 63%]
tests/test_platforms.py::TestBinarySensorAsyncSetupEntry::test_creates_entities PASSED [ 63%]
tests/test_platforms.py::TestBinarySensorAsyncSetupEntry::test_skips_missing_entities_when_hide_unused_enabled PASSED [ 63%]
tests/test_platforms.py::TestBinarySensorAsyncSetupEntry::test_empty_descriptions PASSED [ 63%]
tests/test_platforms.py::TestBinarySensorAsyncSetupEntry::test_sorts_entities_into_functional_blocks PASSED [ 63%]
tests/test_platforms.py::TestIdmNumber::test_native_value PASSED         [ 63%]
tests/test_platforms.py::TestIdmNumber::test_native_value_none_when_data_is_none PASSED [ 63%]
tests/test_platforms.py::TestIdmNumber::test_native_value_none_when_missing PASSED [ 64%]
tests/test_platforms.py::TestIdmNumber::test_native_value_converts_to_float PASSED [ 64%]
tests/test_platforms.py::TestIdmNumber::test_async_set_native_value PASSED [ 64%]
tests/test_platforms.py::TestIdmNumber::test_async_set_native_value_raises_on_error PASSED [ 64%]
tests/test_platforms.py::TestIdmNumber::test_glt_measurement_number_gets_unique_id_suffix PASSED [ 64%]
tests/test_platforms.py::TestIdmNumber::test_regular_number_keeps_unique_id PASSED [ 64%]
tests/test_platforms.py::TestNumberAsyncSetupEntry::test_creates_entities PASSED [ 64%]
tests/test_platforms.py::TestNumberAsyncSetupEntry::test_skips_unused_entities_when_hide_unused_enabled PASSED [ 64%]
tests/test_platforms.py::TestNumberAsyncSetupEntry::test_sorts_entities_into_functional_blocks PASSED [ 65%]
tests/test_platforms.py::TestIdmSelect::test_init_sets_options PASSED    [ 65%]
tests/test_platforms.py::TestIdmSelect::test_current_option_found PASSED [ 65%]
tests/test_platforms.py::TestIdmSelect::test_current_option_none_when_missing PASSED [ 65%]
tests/test_platforms.py::TestIdmSelect::test_current_option_none_when_raw_none PASSED [ 65%]
tests/test_platforms.py::TestIdmSelect::test_option_to_value PASSED      [ 65%]
tests/test_platforms.py::TestIdmSelect::test_option_to_value_accepts_uppercase_slug PASSED [ 65%]
tests/test_platforms.py::TestIdmSelect::test_room_mode_automatic_uses_stable_slug_value PASSED [ 65%]
tests/test_platforms.py::TestIdmSelect::test_option_to_value_raises_on_unknown PASSED [ 66%]
tests/test_platforms.py::TestIdmSelect::test_async_select_option PASSED  [ 66%]
tests/test_platforms.py::TestIdmSelect::test_async_select_option_raises_on_error PASSED [ 66%]
tests/test_platforms.py::TestSelectAsyncSetupEntry::test_creates_entities_with_enum PASSED [ 66%]
tests/test_platforms.py::TestSelectAsyncSetupEntry::test_skips_missing_entities_when_hide_unused_enabled PASSED [ 66%]
tests/test_platforms.py::TestSelectAsyncSetupEntry::test_excludes_entries_without_enum PASSED [ 66%]
tests/test_platforms.py::TestSelectAsyncSetupEntry::test_sorts_entities_into_functional_blocks PASSED [ 66%]
tests/test_platforms.py::TestIdmSwitch::test_is_on_true PASSED           [ 67%]
tests/test_platforms.py::TestIdmSwitch::test_is_on_false PASSED          [ 67%]
tests/test_platforms.py::TestIdmSwitch::test_is_on_none_returns_false PASSED [ 67%]
tests/test_platforms.py::TestIdmSwitch::test_is_on_false_when_data_is_none PASSED [ 67%]
tests/test_platforms.py::TestIdmSwitch::test_async_turn_on PASSED        [ 67%]
tests/test_platforms.py::TestIdmSwitch::test_async_turn_off PASSED       [ 67%]
tests/test_platforms.py::TestIdmSwitch::test_async_turn_on_raises_on_error PASSED [ 67%]
tests/test_platforms.py::TestIdmSwitch::test_async_turn_off_raises_on_error PASSED [ 67%]
tests/test_platforms.py::TestSwitchAsyncSetupEntry::test_creates_entities PASSED [ 68%]
tests/test_platforms.py::TestSwitchAsyncSetupEntry::test_skips_unused_entities_when_hide_unused_enabled PASSED [ 68%]
tests/test_platforms.py::TestSwitchAsyncSetupEntry::test_sorts_entities_into_functional_blocks PASSED [ 68%]
tests/test_platforms.py::TestTechnicianCodes::test_returns_dict_with_two_keys PASSED [ 68%]
tests/test_platforms.py::TestTechnicianCodes::test_level_1_format PASSED [ 68%]
tests/test_platforms.py::TestTechnicianCodes::test_level_2_format PASSED [ 68%]
tests/test_platforms.py::TestTechnicianCodes::test_uses_current_time_when_none PASSED [ 68%]
tests/test_platforms.py::TestTechnicianCodes::test_single_digit_day_and_month PASSED [ 68%]
tests/test_platforms.py::TestTechnicianCodes::test_midnight_hour PASSED  [ 69%]
tests/test_platforms_climate.py::TestButtonAsyncSetupEntry::test_creates_acknowledge_errors_button PASSED [ 69%]
tests/test_platforms_climate.py::TestIdmAcknowledgeErrorsButton::test_init_attributes PASSED [ 69%]
tests/test_platforms_climate.py::TestIdmAcknowledgeErrorsButton::test_async_press_writes_one PASSED [ 69%]
tests/test_platforms_climate.py::TestIdmAcknowledgeErrorsButton::test_async_press_raises_translated_error PASSED [ 69%]
tests/test_platforms_climate.py::TestWaterHeaterAsyncSetupEntry::test_creates_entity_when_dhw_registers_present PASSED [ 69%]
tests/test_platforms_climate.py::TestWaterHeaterAsyncSetupEntry::test_no_entity_when_registers_missing PASSED [ 69%]
tests/test_platforms_climate.py::TestIdmWaterHeater::test_unique_id PASSED [ 69%]
tests/test_platforms_climate.py::TestIdmWaterHeater::test_current_temperature PASSED [ 70%]
tests/test_platforms_climate.py::TestIdmWaterHeater::test_current_temperature_none_when_missing PASSED [ 70%]
tests/test_platforms_climate.py::TestIdmWaterHeater::test_current_temperature_none_when_data_none PASSED [ 70%]
tests/test_platforms_climate.py::TestIdmWaterHeater::test_target_temperature PASSED [ 70%]
tests/test_platforms_climate.py::TestIdmWaterHeater::test_min_max_temp_from_register_bounds PASSED [ 70%]
tests/test_platforms_climate.py::TestIdmWaterHeater::test_min_max_temp_defaults_without_register_bounds PASSED [ 70%]
tests/test_platforms_climate.py::TestIdmWaterHeater::test_async_set_temperature_routes_through_coordinator PASSED [ 70%]
tests/test_platforms_climate.py::TestIdmWaterHeater::test_async_set_temperature_noop_without_temperature PASSED [ 70%]
tests/test_platforms_climate.py::TestIdmWaterHeater::test_async_set_temperature_propagates_write_error PASSED [ 71%]
tests/test_platforms_climate.py::TestClimateAsyncSetupEntry::test_creates_heating_circuit_climates PASSED [ 71%]
tests/test_platforms_climate.py::TestClimateAsyncSetupEntry::test_skips_circuit_without_mode_or_target PASSED [ 71%]
tests/test_platforms_climate.py::TestClimateAsyncSetupEntry::test_creates_zone_room_climates PASSED [ 71%]
tests/test_platforms_climate.py::TestClimateAsyncSetupEntry::test_no_entities_without_matching_registers PASSED [ 71%]
tests/test_platforms_climate.py::TestIdmHeatingCircuitClimate::test_unique_id_and_translation PASSED [ 71%]
tests/test_platforms_climate.py::TestIdmHeatingCircuitClimate::test_hvac_modes_advertised PASSED [ 71%]
tests/test_platforms_climate.py::TestIdmHeatingCircuitClimate::test_hvac_mode_mapping PASSED [ 71%]
tests/test_platforms_climate.py::TestIdmHeatingCircuitClimate::test_hvac_mode_none_without_data PASSED [ 72%]
tests/test_platforms_climate.py::TestIdmHeatingCircuitClimate::test_preset_mapping PASSED [ 72%]
tests/test_platforms_climate.py::TestIdmHeatingCircuitClimate::test_preset_none_for_unknown_mode PASSED [ 72%]
tests/test_platforms_climate.py::TestIdmHeatingCircuitClimate::test_hvac_action_off_when_circuit_off PASSED [ 72%]
tests/test_platforms_climate.py::TestIdmHeatingCircuitClimate::test_hvac_action_reflects_heatpump_status PASSED [ 72%]
tests/test_platforms_climate.py::TestIdmHeatingCircuitClimate::test_hvac_action_idle_when_no_status PASSED [ 72%]
tests/test_platforms_climate.py::TestIdmHeatingCircuitClimate::test_async_set_hvac_mode_routes_through_coordinator PASSED [ 72%]
tests/test_platforms_climate.py::TestIdmHeatingCircuitClimate::test_async_set_hvac_mode_heat_maps_to_normal PASSED [ 73%]
tests/test_platforms_climate.py::TestIdmHeatingCircuitClimate::test_async_set_preset_mode_routes_through_coordinator PASSED [ 73%]
tests/test_platforms_climate.py::TestIdmHeatingCircuitClimate::test_write_failure_propagates_from_coordinator PASSED [ 73%]
tests/test_platforms_climate.py::TestIdmHeatingCircuitClimate::test_async_set_temperature_routes_through_coordinator PASSED [ 73%]
tests/test_platforms_climate.py::TestIdmHeatingCircuitClimate::test_async_set_temperature_noop_without_temp PASSED [ 73%]
tests/test_platforms_climate.py::TestIdmZoneRoomClimate::test_unique_id_and_translation PASSED [ 73%]
tests/test_platforms_climate.py::TestIdmZoneRoomClimate::test_hvac_mode_mapping PASSED [ 73%]
tests/test_platforms_climate.py::TestIdmZoneRoomClimate::test_preset_mapping PASSED [ 73%]
tests/test_platforms_climate.py::TestIdmZoneRoomClimate::test_hvac_action_heating_when_target_above_current PASSED [ 74%]
tests/test_platforms_climate.py::TestIdmZoneRoomClimate::test_hvac_action_idle_when_target_close_to_current PASSED [ 74%]
tests/test_platforms_climate.py::TestIdmZoneRoomClimate::test_hvac_action_off_when_room_off PASSED [ 74%]
tests/test_platforms_climate.py::TestIdmZoneRoomClimate::test_async_set_hvac_mode_routes_through_coordinator PASSED [ 74%]
tests/test_platforms_climate.py::TestIdmZoneRoomClimate::test_async_set_preset_mode_routes_through_coordinator PASSED [ 74%]
tests/test_registers.py::TestCollectAllRegisters::test_returns_list_of_register_defs PASSED [ 74%]
tests/test_registers.py::TestCollectAllRegisters::test_more_circuits_more_registers PASSED [ 74%]
tests/test_registers.py::TestCollectAllRegisters::test_unselected_heating_circuits_are_not_exposed_or_polled PASSED [ 74%]
tests/test_registers.py::TestCollectAllRegisters::test_zones_add_registers PASSED [ 75%]
tests/test_registers.py::TestCollectAllRegisters::test_zone_room_string_keys_are_normalized PASSED [ 75%]
tests/test_registers.py::TestCollectAllRegisters::test_normalize_zone_rooms_ignores_invalid_values PASSED [ 75%]
tests/test_registers.py::TestCollectAllRegisters::test_unique_addresses PASSED [ 75%]
tests/test_registers.py::TestCollectAllRegisters::test_unique_addresses_all_circuits_and_zones PASSED [ 75%]
tests/test_registers.py::TestCollectAllRegisters::test_all_circuits PASSED [ 75%]
tests/test_registers.py::TestCollectAllRegisters::test_float_registers_consume_two_addresses PASSED [ 75%]
tests/test_registers.py::TestCollectAllRegisters::test_non_float_registers_have_size_one PASSED [ 75%]
tests/test_registers.py::TestCollectAllRegisters::test_all_descriptions_have_register_key PASSED [ 76%]
tests/test_registers.py::TestCollectAllRegisters::test_all_descriptions_have_description_key PASSED [ 76%]
tests/test_registers.py::TestCollectAllRegisters::test_detected_navigator_2_excludes_navigator_10_registers PASSED [ 76%]
tests/test_registers.py::TestCollectAllRegisters::test_description_sorting_uses_functional_blocks PASSED [ 76%]
tests/test_registers.py::TestHkAddresses::test_select_circuit_a_exists PASSED [ 76%]
tests/test_registers.py::TestHkAddresses::test_select_circuit_b_exists PASSED [ 76%]
tests/test_registers.py::TestHkAddresses::test_all_seven_circuit_selects_exist PASSED [ 76%]
tests/test_registers.py::TestZoneAddresses::test_zone1_registers_created PASSED [ 76%]
tests/test_registers.py::TestZoneAddresses::test_zone2_registers_created PASSED [ 77%]
tests/test_registers.py::TestZoneAddresses::test_zone_count_zero_no_zone_registers PASSED [ 77%]
tests/test_registers.py::TestZoneAddresses::test_zone_sensors_include_room_temps PASSED [ 77%]
tests/test_registers.py::TestZoneAddresses::test_zone_room_count_respected_in_numbers PASSED [ 77%]
tests/test_registers.py::TestZoneAddresses::test_zone_room_count_respected_in_sensors PASSED [ 77%]
tests/test_registers.py::TestZoneAddresses::test_zone_room_count_eight_extends_library_six_room_limit PASSED [ 77%]
tests/test_registers.py::TestGltDualExposure::test_pv_block_dual_exposed PASSED [ 77%]
tests/test_registers.py::TestGltDualExposure::test_zone_room_measurements_dual_exposed PASSED [ 78%]
tests/test_registers.py::TestGltDualExposure::test_setpoints_are_number_only PASSED [ 78%]
tests/test_registers.py::TestGltDualExposure::test_dual_number_names_are_marked_as_vorgabe PASSED [ 78%]
tests/test_registers.py::TestGltDualExposure::test_zone_room_numbers_disabled_by_default PASSED [ 78%]
tests/test_registers.py::TestGltDualExposure::test_pv_block_numbers_enabled_by_default PASSED [ 78%]
tests/test_registers.py::TestGltDualExposure::test_power_limit_numbers_disabled_by_default PASSED [ 78%]
tests/test_registers.py::TestGltDualExposure::test_register_changes_from_doc_update PASSED [ 78%]
tests/test_registers.py::TestRegisterIntegrity::test_all_registers_have_valid_datatypes PASSED [ 78%]
tests/test_registers.py::TestRegisterIntegrity::test_writable_registers_have_names PASSED [ 79%]
tests/test_registers.py::TestRegisterIntegrity::test_binary_sensor_registers_are_readonly PASSED [ 79%]
tests/test_registers.py::TestRegisterIntegrity::test_enum_options_not_none_for_select PASSED [ 79%]
tests/test_registers.py::TestRegisterIntegrity::test_description_keys_unique_per_platform PASSED [ 79%]
tests/test_registers.py::TestGetAllSensorDescriptions::test_returns_list PASSED [ 79%]
tests/test_registers.py::TestGetAllSensorDescriptions::test_each_has_register PASSED [ 79%]
tests/test_registers.py::TestGetAllSensorDescriptions::test_more_circuits_more_sensors PASSED [ 79%]
tests/test_registers.py::TestGetAllBinarySensorDescriptions::test_returns_list PASSED [ 79%]
tests/test_registers.py::TestZoneRelayBinarySensor::test_zone_relay_not_in_sensor_descriptions PASSED [ 80%]
tests/test_registers.py::TestZoneRelayBinarySensor::test_zone_relay_in_binary_sensor_descriptions PASSED [ 80%]
tests/test_registers.py::TestZoneRelayBinarySensor::test_zone_relay_room_count_respected PASSED [ 80%]
tests/test_registers.py::TestZoneRelayBinarySensor::test_zone_relay_device_class_running_and_icon ::error file=tests/test_registers.py,line=459::TestZoneRelayBinarySensor.test_zone_relay_device_class_running_and_icon%0A%0AImportError: cannot import name '_BINARY_DC_KEYWORDS' from 'custom_components.idm_heatpump.adapter_descriptions' (/home/runner/work/idm-heatpump-hass/idm-heatpump-hass/custom_components/idm_heatpump/adapter_descriptions.py)
FAILED [ 80%]
tests/test_registers.py::TestZoneRelayBinarySensor::test_zone_relay_routed_to_binary_even_with_legacy_api PASSED [ 80%]
tests/test_registers.py::TestZoneRelayBinarySensor::test_zone_relay_keys_unique_when_bulk_and_per_zone_overlap PASSED [ 80%]
tests/test_registers.py::TestGetAllNumberDescriptions::test_returns_list PASSED [ 80%]
tests/test_registers.py::TestGetAllNumberDescriptions::test_more_circuits_more_numbers PASSED [ 80%]
tests/test_registers.py::TestGetAllSelectDescriptions::test_returns_list PASSED [ 81%]
tests/test_registers.py::TestGetAllSelectDescriptions::test_more_circuits_more_selects PASSED [ 81%]
tests/test_registers.py::TestGetAllSelectDescriptions::test_zone_room_count_respected_in_selects PASSED [ 81%]
tests/test_registers.py::TestGetAllSwitchDescriptions::test_returns_list PASSED [ 81%]
tests/test_registers.py::TestGetAllSwitchDescriptions::test_switch_addresses_are_sequential PASSED [ 81%]
tests/test_release_contract.py::test_manifest_declares_tested_runtime_dependencies PASSED [ 81%]
tests/test_release_contract.py::test_ci_installs_runtime_dependencies_from_manifest PASSED [ 81%]
tests/test_release_contract.py::test_ci_tests_pinned_and_compatible_api_dependencies PASSED [ 81%]
tests/test_release_contract.py::test_ci_and_release_share_complete_python_quality_workflow PASSED [ 82%]
tests/test_release_contract.py::test_ci_runs_once_for_source_changes_and_cancels_superseded_runs PASSED [ 82%]
tests/test_release_contract.py::test_release_has_one_tag_trigger_and_serializes_each_version PASSED [ 82%]
tests/test_release_contract.py::test_release_type_is_derived_only_from_validated_tag PASSED [ 82%]
tests/test_release_contract.py::test_release_draft_is_independent_and_inputs_are_passed_via_env PASSED [ 82%]
tests/test_release_contract.py::test_api_dependency_update_workflow_updates_pin_and_runs_contract_tests PASSED [ 82%]
tests/test_release_contract.py::test_api_dependency_update_validates_input_before_output PASSED [ 82%]
tests/test_release_contract.py::test_api_dependency_update_passes_version_safely_to_python PASSED [ 82%]
tests/test_release_contract.py::test_api_dependency_update_syncs_all_current_version_sources PASSED [ 83%]
tests/test_release_contract.py::test_release_artifact_is_built_from_manifest_directory PASSED [ 83%]
tests/test_release_contract.py::test_release_announces_non_draft_versions_in_discussions PASSED [ 83%]
tests/test_release_contract.py::test_release_smoke_test_is_candidate_bound_without_stale_version PASSED [ 83%]
tests/test_release_contract.py::test_stable_release_requires_measured_soak_and_signed_smoke_evidence PASSED [ 83%]
tests/test_release_contract.py::test_beta_31_release_evidence_matches_published_candidate PASSED [ 83%]
tests/test_release_contract.py::test_release_workflow_validates_prepared_version_and_changelog PASSED [ 83%]
tests/test_release_contract.py::test_release_workflow_never_mutates_or_pushes_release_metadata PASSED [ 84%]
tests/test_release_contract.py::test_release_workflow_selects_previous_tag_without_substring_exclusions PASSED [ 84%]
tests/test_release_contract.py::test_release_workflow_uses_curated_changelog_section_by_default PASSED [ 84%]
tests/test_release_contract.py::test_wiki_sync_exactly_mirrors_source_pages_safely PASSED [ 84%]
tests/test_release_contract.py::test_wiki_sync_runs_only_for_main_and_cancels_superseded_runs PASSED [ 84%]
tests/test_release_contract.py::test_pages_deploy_triggers_only_for_deployed_content PASSED [ 84%]
tests/test_release_contract.py::test_user_facing_dependency_docs_match_manifest PASSED [ 84%]
tests/test_release_contract.py::test_modbus_activation_guidance_is_consistent_in_ui_and_docs PASSED [ 84%]
tests/test_release_discussion.py::test_release_discussion_body_links_release_help_and_bug_report PASSED [ 85%]
tests/test_release_discussion.py::test_release_discussion_category_selection_prefers_configured_slug PASSED [ 85%]
tests/test_release_discussion.py::test_release_discussion_category_selection_falls_back_to_announcement_name PASSED [ 85%]
tests/test_repairs.py::test_web_pin_missing_repair_requires_a_choice PASSED [ 85%]
tests/test_repairs.py::test_web_pin_missing_repair_disables_web_supplement PASSED [ 85%]
tests/test_repairs.py::test_web_pin_missing_repair_sets_valid_pin PASSED [ 85%]
tests/test_repairs.py::test_web_authentication_repair_uses_same_pin_flow PASSED [ 85%]
tests/test_repairs.py::test_web_pin_missing_repair_rejects_invalid_pin PASSED [ 85%]
tests/test_repairs.py::test_web_pin_repair_rejects_unreachable_web_interface[None] PASSED [ 86%]
tests/test_repairs.py::test_web_pin_repair_rejects_unreachable_web_interface[web_result1] PASSED [ 86%]
tests/test_room_temp_forwarding.py::test_coerce_temperature PASSED       [ 86%]
tests/test_room_temp_forwarding.py::test_forward_entity_writes_selected_sensor_to_matching_register PASSED [ 86%]
tests/test_room_temp_forwarding.py::test_forward_entity_skips_change_inside_tolerance PASSED [ 86%]
tests/test_room_temp_forwarding.py::test_forward_entity_ignores_invalid_sensor_state PASSED [ 86%]
tests/test_room_temp_forwarding.py::test_forward_entity_ignores_out_of_range_sensor_state PASSED [ 86%]
tests/test_room_temp_forwarding.py::test_forward_entity_ignores_unconfigured_sensor PASSED [ 86%]
tests/test_room_temp_forwarding.py::test_run_loop_continues_after_forward_all_failure PASSED [ 87%]
tests/test_room_temp_forwarding.py::TestHandleStateChange::test_creates_forward_task_for_string_entity_id PASSED [ 87%]
tests/test_room_temp_forwarding.py::TestHandleStateChange::test_ignores_non_string_entity_id PASSED [ 87%]
tests/test_room_temp_forwarding.py::test_run_unsubscribes_state_listeners_on_cancel PASSED [ 87%]
tests/test_services.py::TestWriteSafetyHelpers::test_extracts_tuple_encoded_registers_from_api_result PASSED [ 87%]
tests/test_services.py::TestWriteSafetyHelpers::test_extracts_sequence_encoded_registers_from_mapping PASSED [ 87%]
tests/test_services.py::TestWriteSafetyHelpers::test_ignores_text_encoded_registers PASSED [ 87%]
tests/test_services.py::TestSetupServices::test_registers_services PASSED [ 87%]
tests/test_services.py::TestSetupServices::test_skips_if_already_registered PASSED [ 88%]
tests/test_services.py::TestUnloadServices::test_removes_services_when_no_loaded_entries PASSED [ 88%]
tests/test_services.py::TestUnloadServices::test_removes_services_when_empty PASSED [ 88%]
tests/test_services.py::TestUnloadServices::test_keeps_services_when_loaded_entries_remain PASSED [ 88%]
tests/test_services.py::TestUnloadServices::test_removes_services_when_only_one_loaded PASSED [ 88%]
tests/test_services.py::TestGetCoordinator::test_returns_coordinator PASSED [ 88%]
tests/test_services.py::TestGetCoordinator::test_raises_when_no_entries PASSED [ 88%]
tests/test_services.py::TestGetCoordinator::test_raises_when_entry_not_loaded PASSED [ 89%]
tests/test_services.py::TestGetCoordinator::test_raises_when_no_runtime_data PASSED [ 89%]
tests/test_services.py::TestGetCoordinator::test_uses_entry_id_when_multiple_entries_loaded PASSED [ 89%]
tests/test_services.py::TestGetCoordinator::test_raises_when_entry_id_not_loaded PASSED [ 89%]
tests/test_services.py::TestGetCoordinator::test_uses_first_loaded_when_multiple_entries_without_entry_id PASSED [ 89%]
tests/test_services.py::TestSetSystemMode::test_valid_modes[standby-0] PASSED [ 89%]
tests/test_services.py::TestSetSystemMode::test_valid_modes[automatik-1] PASSED [ 89%]
tests/test_services.py::TestSetSystemMode::test_valid_modes[automatic-1] PASSED [ 89%]
tests/test_services.py::TestSetSystemMode::test_valid_modes[abwesend-2] PASSED [ 90%]
tests/test_services.py::TestSetSystemMode::test_valid_modes[away-2] PASSED [ 90%]
tests/test_services.py::TestSetSystemMode::test_valid_modes[urlaub-3] PASSED [ 90%]
tests/test_services.py::TestSetSystemMode::test_valid_modes[holiday-3] PASSED [ 90%]
tests/test_services.py::TestSetSystemMode::test_valid_modes[nur warmwasser-4] PASSED [ 90%]
tests/test_services.py::TestSetSystemMode::test_valid_modes[hot water only-4] PASSED [ 90%]
tests/test_services.py::TestSetSystemMode::test_valid_modes[nur heizung/kuehlung-5] PASSED [ 90%]
tests/test_services.py::TestSetSystemMode::test_valid_modes[heating/cooling only-5] PASSED [ 90%]
tests/test_services.py::TestSetSystemMode::test_invalid_mode_raises PASSED [ 91%]
tests/test_services.py::TestSetSystemMode::test_mode_case_insensitive PASSED [ 91%]
tests/test_services.py::TestSetSystemMode::test_write_error_is_translated PASSED [ 91%]
tests/test_services.py::TestAcknowledgeErrors::test_writes_error_register PASSED [ 91%]
tests/test_services.py::TestAcknowledgeErrors::test_write_error_is_translated PASSED [ 91%]
tests/test_services.py::TestWriteRegister::test_requires_acknowledge_risk PASSED [ 91%]
tests/test_services.py::TestWriteRegister::test_requires_acknowledge_risk_missing PASSED [ 91%]
tests/test_services.py::TestWriteRegister::test_writes_int_value PASSED  [ 91%]
tests/test_services.py::TestWriteRegister::test_writes_float_value PASSED [ 92%]
tests/test_services.py::TestWriteRegister::test_raises_on_write_error PASSED [ 92%]
tests/test_services.py::TestWriteRegister::test_write_error_creates_write_rejected_issue PASSED [ 92%]
tests/test_services.py::TestWriteRegister::test_returns_value_in_result PASSED [ 92%]
tests/test_services.py::TestWriteRegister::test_non_numeric_string_is_rejected PASSED [ 92%]
tests/test_services.py::TestWriteRegister::test_all_valid_datatypes[uint16-UINT16] PASSED [ 92%]
tests/test_services.py::TestWriteRegister::test_all_valid_datatypes[UINT16-UINT16] PASSED [ 92%]
tests/test_services.py::TestWriteRegister::test_all_valid_datatypes[int16-INT16] PASSED [ 92%]
tests/test_services.py::TestWriteRegister::test_all_valid_datatypes[INT16-INT16] PASSED [ 93%]
tests/test_services.py::TestWriteRegister::test_all_valid_datatypes[float-FLOAT] PASSED [ 93%]
tests/test_services.py::TestWriteRegister::test_all_valid_datatypes[FLOAT-FLOAT] PASSED [ 93%]
tests/test_services.py::TestWriteRegister::test_all_valid_datatypes[uchar-UCHAR] PASSED [ 93%]
tests/test_services.py::TestWriteRegister::test_all_valid_datatypes[bool-BOOL] PASSED [ 93%]
tests/test_services.py::TestWriteRegister::test_invalid_datatype_raises PASSED [ 93%]
tests/test_services.py::TestWriteRegister::test_default_datatype_is_uint16 PASSED [ 93%]
tests/test_services.py::TestGetCoordinatorMultipleDevices::test_first_loaded_entry_used PASSED [ 93%]
tests/test_services.py::TestGetCoordinatorMultipleDevices::test_skips_not_loaded_entries PASSED [ 94%]
tests/test_services.py::TestSetExternalClimate::test_writes_room_temperature_and_humidity PASSED [ 94%]
tests/test_services.py::TestSetExternalClimate::test_humidity_is_optional PASSED [ 94%]
tests/test_services.py::TestSetExternalClimate::test_validates_inputs[data0] PASSED [ 94%]
tests/test_services.py::TestSetExternalClimate::test_validates_inputs[data1] PASSED [ 94%]
tests/test_services.py::TestSetExternalClimate::test_validates_inputs[data2] PASSED [ 94%]
tests/test_services.py::TestSetExternalClimate::test_validates_inputs[data3] PASSED [ 94%]
tests/test_services.py::TestSetExternalClimate::test_validates_inputs[data4] PASSED [ 95%]
tests/test_services.py::TestSetExternalClimate::test_validates_inputs[data5] PASSED [ 95%]
tests/test_services.py::TestSetExternalClimate::test_requires_known_writable_library_register PASSED [ 95%]
tests/test_services.py::TestSetExternalClimate::test_write_error_is_translated PASSED [ 95%]
tests/test_versions.py::test_runtime_versions_exposes_integration_and_dependencies PASSED [ 95%]
tests/test_versions.py::test_missing_distribution_returns_unknown PASSED [ 95%]
tests/test_versions.py::test_async_runtime_versions_runs_sync_lookup_in_thread PASSED [ 95%]
tests/test_web_data.py::test_is_ip_literal_accepts_direct_addresses PASSED [ 95%]
tests/test_web_data.py::test_nav20_factory_uses_unsafe_cookie_jar_for_ip_hosts PASSED [ 96%]
tests/test_web_data.py::test_nav20_factory_does_not_create_ip_cookie_session_for_hostnames PASSED [ 96%]
tests/test_web_data.py::test_web_pin_configured_without_api_symbol PASSED [ 96%]
tests/test_web_data.py::test_wrong_variant_detection_handles_os_error_subclasses PASSED [ 96%]
tests/test_web_data.py::test_async_read_web_supplement_returns_none_without_pin PASSED [ 96%]
tests/test_web_data.py::test_async_read_web_supplement_reads_navigator10 PASSED [ 96%]
tests/test_web_data.py::test_async_read_web_supplement_adds_navigator10_notifications PASSED [ 96%]
tests/test_web_data.py::test_async_read_web_supplement_extracts_myidm_id_local_part PASSED [ 96%]
tests/test_web_data.py::test_async_read_web_supplement_ignores_notification_errors PASSED [ 97%]
tests/test_web_data.py::test_async_read_web_supplement_falls_back_to_navigator20 PASSED [ 97%]
tests/test_web_data.py::test_async_read_web_supplement_falls_back_to_navigator20_after_nav10_auth_error PASSED [ 97%]
tests/test_web_data.py::test_async_read_web_supplement_raises_authentication_failure PASSED [ 97%]
tests/test_web_data.py::test_async_read_web_supplement_prefers_nav20_auth_error_over_nav10_connection_error PASSED [ 97%]
tests/test_web_data.py::test_async_read_web_supplement_switches_on_wrong_variant_response_error PASSED [ 97%]
tests/test_web_data.py::test_async_read_web_supplement_tries_both_variants_before_invalid_pin PASSED [ 97%]
tests/test_web_data.py::test_merge_model_info_prefers_web_supplement PASSED [ 97%]
tests/test_web_data.py::test_preferred_web_variant_detects_navigator_20 PASSED [ 98%]
tests/test_web_data.py::test_preferred_web_variant_detects_navigator_10 PASSED [ 98%]
tests/test_web_data.py::test_preferred_web_variant_detects_navigator_pro PASSED [ 98%]
tests/test_web_data.py::test_preferred_web_variant_returns_none_for_generic_or_unknown PASSED [ 98%]
tests/test_web_data.py::test_model_hint_navigator20_tries_nav20_first PASSED [ 98%]
tests/test_web_data.py::test_model_hint_navigator10_tries_nav10_first PASSED [ 98%]
tests/test_web_data.py::test_preferred_variant_overrides_model_hint PASSED [ 98%]
tests/test_web_data.py::test_preferred_variant_accepts_family_name PASSED [ 98%]
tests/test_web_data.py::test_no_hint_keeps_default_nav10_first PASSED    [ 99%]
tests/test_web_data.py::test_nav20_hint_falls_back_to_nav10_on_failure PASSED [ 99%]
tests/test_web_data.py::TestWebClientPool::test_reuses_cached_client_across_polls_without_closing PASSED [ 99%]
tests/test_web_data.py::TestWebClientPool::test_invalidates_cached_client_on_failure PASSED [ 99%]
tests/test_web_data.py::TestWebClientPool::test_locked_nav20_reconnect_never_probes_nav10 PASSED [ 99%]
tests/test_web_data.py::TestWebClientPool::test_cached_auth_error_reconnects_same_locked_variant PASSED [ 99%]
tests/test_web_data.py::TestWebClientPool::test_close_releases_held_client PASSED [ 99%]
tests/test_web_data.py::TestWebClientPool::test_without_pool_keeps_legacy_close_after_read PASSED [100%]

=================================== FAILURES ===================================
___ TestZoneRelayBinarySensor.test_zone_relay_device_class_running_and_icon ____
tests/test_registers.py:459: in test_zone_relay_device_class_running_and_icon
    from custom_components.idm_heatpump.adapter_descriptions import (
E   ImportError: cannot import name '_BINARY_DC_KEYWORDS' from 'custom_components.idm_heatpump.adapter_descriptions' (/home/runner/work/idm-heatpump-hass/idm-heatpump-hass/custom_components/idm_heatpump/adapter_descriptions.py)
================================ tests coverage ================================
_______________ coverage: platform linux, python 3.14.6-final-0 ________________

Name                                                     Stmts   Miss  Cover   Missing
--------------------------------------------------------------------------------------
custom_components/idm_heatpump/__init__.py                 284     37    87%   149, 197, 217-222, 443-444, 489, 501-513, 538, 540, 620-635, 639-640, 661-665, 668-672, 675-676
custom_components/idm_heatpump/adapter_descriptions.py      62      2    97%   70, 97
custom_components/idm_heatpump/adapter_enums.py             23      0   100%
custom_components/idm_heatpump/adapter_glt.py                8      0   100%
custom_components/idm_heatpump/adapter_metadata.py           8      0   100%
custom_components/idm_heatpump/adapter_names.py             13      0   100%
custom_components/idm_heatpump/adapter_registers.py         20      0   100%
custom_components/idm_heatpump/binary_semantics.py          90     13    86%   21-22, 58, 65, 74, 95, 101-102, 124-125, 127, 156, 162
custom_components/idm_heatpump/binary_sensor.py             21      0   100%
custom_components/idm_heatpump/button.py                    36      0   100%
custom_components/idm_heatpump/calculated_sensors.py        62      2    97%   122, 124
custom_components/idm_heatpump/climate.py                  206     19    91%   118, 126, 157, 199, 204, 215, 230, 238, 282, 290, 295, 303, 308, 321-326, 336
custom_components/idm_heatpump/config_flow.py              435     48    89%   194, 396, 404, 475, 478, 579-587, 673, 690-691, 817-819, 859, 863, 867, 899, 907, 914-915, 965, 968, 982, 1069-1077, 1083-1084, 1107-1114, 1135-1136, 1155-1162, 1166, 1179-1180, 1196-1203, 1206-1208
custom_components/idm_heatpump/const.py                    111      2    98%   14-15
custom_components/idm_heatpump/coordinator.py              448     37    92%   133, 210-211, 275-277, 281, 285, 300, 320, 382, 441, 481, 494, 603, 662-663, 722, 725, 746-747, 773, 782-785, 789-799
custom_components/idm_heatpump/diagnostics.py               39      3    92%   50, 53, 63
custom_components/idm_heatpump/entity.py                    62      1    98%   68
custom_components/idm_heatpump/error_messages.py            73      1    99%   112
custom_components/idm_heatpump/internal_messages.py         28      6    79%   107, 110-111, 118, 131, 134
custom_components/idm_heatpump/library_adapter.py          217     24    89%   73, 81-82, 86-87, 112, 229, 254-256, 278-280, 317-319, 393, 401, 433-435, 478-480
custom_components/idm_heatpump/log_filter.py                33      0   100%
custom_components/idm_heatpump/number.py                    28      0   100%
custom_components/idm_heatpump/registers.py                143     23    84%   39, 216-217, 256-258, 298-299, 333-334, 360-361, 423-428, 435-439
custom_components/idm_heatpump/repairs.py                   95     13    86%   65, 71-72, 78, 81-85, 106, 112, 177, 188
custom_components/idm_heatpump/room_temp_forwarding.py      92     12    87%   89-91, 107-108, 111-118, 135-146
custom_components/idm_heatpump/select.py                    65     14    78%   56, 67-68, 71-74, 84-90
custom_components/idm_heatpump/sensor.py                   225     22    90%   26-27, 278-279, 287-288, 335, 435, 441-442, 446, 453, 455, 458, 461, 464-465, 495, 497, 509, 511, 514
custom_components/idm_heatpump/services.py                 163     18    89%   40, 96-101, 103-106, 113, 127-128, 276, 300, 307-308
custom_components/idm_heatpump/switch.py                    28      0   100%
custom_components/idm_heatpump/technician_codes.py          16      0   100%
custom_components/idm_heatpump/versions.py                  20      0   100%
custom_components/idm_heatpump/water_heater.py              58      1    98%   88
custom_components/idm_heatpump/web_data.py                 335     44    87%   77, 88, 94, 98, 111, 115-120, 198, 212-213, 234-235, 243, 259-260, 273-274, 286, 289, 295-296, 300, 305, 317-321, 324, 334-335, 342-343, 366-367, 400, 554-559, 566-567, 621
--------------------------------------------------------------------------------------
TOTAL                                                     3547    342    90%
=========================== short test summary info ============================
FAILED tests/test_registers.py::TestZoneRelayBinarySensor::test_zone_relay_device_class_running_and_icon - ImportError: cannot import name '_BINARY_DC_KEYWORDS' from 'custom_components.idm_heatpump.adapter_descriptions' (/home/runner/work/idm-heatpump-hass/idm-heatpump-hass/custom_components/idm_heatpump/adapter_descriptions.py)
======================== 1 failed, 781 passed in 11.05s ========================
